<?xml version="1.0" encoding="UTF-8"?>
<coverage generated="1778576958002" clover="3.2.0">
  <project timestamp="1778576958003" name="All files">
    <metrics statements="23" coveredstatements="23" conditionals="18" coveredconditionals="18" methods="5" coveredmethods="5" elements="46" coveredelements="46" complexity="0" loc="23" ncloc="23" packages="1" files="1" classes="1"/>
    <file name="ThreadManager.js" path="C:\Users\Андрей\OneDrive\Desktop\work\ThreadManager.js">
      <metrics statements="23" coveredstatements="23" conditionals="18" coveredconditionals="18" methods="5" coveredmethods="5"/>
      <line num="3" count="11" type="stmt"/>
      <line num="8" count="15" type="cond" truecount="4" falsecount="0"/>
      <line num="9" count="14" type="cond" truecount="2" falsecount="0"/>
      <line num="10" count="13" type="cond" truecount="4" falsecount="0"/>
      <line num="12" count="12" type="stmt"/>
      <line num="13" count="12" type="stmt"/>
      <line num="15" count="12" type="cond" truecount="2" falsecount="0"/>
      <line num="16" count="5" type="stmt"/>
      <line num="18" count="12" type="stmt"/>
      <line num="23" count="3" type="stmt"/>
      <line num="24" count="3" type="stmt"/>
      <line num="25" count="3" type="stmt"/>
      <line num="26" count="4" type="stmt"/>
      <line num="27" count="4" type="cond" truecount="2" falsecount="0"/>
      <line num="28" count="3" type="stmt"/>
      <line num="29" count="3" type="stmt"/>
      <line num="31" count="3" type="stmt"/>
      <line num="36" count="4" type="stmt"/>
      <line num="37" count="4" type="cond" truecount="2" falsecount="0"/>
      <line num="38" count="3" type="cond" truecount="2" falsecount="0"/>
      <line num="39" count="2" type="stmt"/>
      <line num="40" count="2" type="stmt"/>
      <line num="44" count="1" type="stmt"/>
    </file>
  </project>
</coverage>
