{"C:\\Users\\Андрей\\OneDrive\\Desktop\\work\\ThreadManager.js": {"path":"C:\\Users\\Андрей\\OneDrive\\Desktop\\work\\ThreadManager.js","statementMap":{"0":{"start":{"line":3,"column":4},"end":{"line":3,"column":27}},"1":{"start":{"line":8,"column":4},"end":{"line":8,"column":80}},"2":{"start":{"line":8,"column":37},"end":{"line":8,"column":80}},"3":{"start":{"line":9,"column":4},"end":{"line":9,"column":80}},"4":{"start":{"line":9,"column":28},"end":{"line":9,"column":80}},"5":{"start":{"line":10,"column":4},"end":{"line":10,"column":97}},"6":{"start":{"line":10,"column":56},"end":{"line":10,"column":97}},"7":{"start":{"line":12,"column":20},"end":{"line":12,"column":59}},"8":{"start":{"line":13,"column":4},"end":{"line":13,"column":32}},"9":{"start":{"line":15,"column":4},"end":{"line":17,"column":5}},"10":{"start":{"line":16,"column":6},"end":{"line":16,"column":49}},"11":{"start":{"line":18,"column":4},"end":{"line":18,"column":19}},"12":{"start":{"line":23,"column":17},"end":{"line":23,"column":19}},"13":{"start":{"line":24,"column":20},"end":{"line":24,"column":26}},"14":{"start":{"line":25,"column":4},"end":{"line":30,"column":5}},"15":{"start":{"line":26,"column":19},"end":{"line":26,"column":44}},"16":{"start":{"line":27,"column":6},"end":{"line":27,"column":23}},"17":{"start":{"line":27,"column":17},"end":{"line":27,"column":23}},"18":{"start":{"line":28,"column":6},"end":{"line":28,"column":25}},"19":{"start":{"line":29,"column":6},"end":{"line":29,"column":32}},"20":{"start":{"line":31,"column":4},"end":{"line":31,"column":26}},"21":{"start":{"line":36,"column":17},"end":{"line":36,"column":44}},"22":{"start":{"line":37,"column":4},"end":{"line":37,"column":24}},"23":{"start":{"line":37,"column":15},"end":{"line":37,"column":24}},"24":{"start":{"line":38,"column":4},"end":{"line":38,"column":45}},"25":{"start":{"line":38,"column":36},"end":{"line":38,"column":45}},"26":{"start":{"line":39,"column":19},"end":{"line":39,"column":74}},"27":{"start":{"line":39,"column":48},"end":{"line":39,"column":73}},"28":{"start":{"line":40,"column":4},"end":{"line":40,"column":35}},"29":{"start":{"line":44,"column":0},"end":{"line":44,"column":31}}},"fnMap":{"0":{"name":"(anonymous_0)","decl":{"start":{"line":2,"column":2},"end":{"line":2,"column":3}},"loc":{"start":{"line":2,"column":16},"end":{"line":4,"column":3}},"line":2},"1":{"name":"(anonymous_1)","decl":{"start":{"line":7,"column":2},"end":{"line":7,"column":3}},"loc":{"start":{"line":7,"column":33},"end":{"line":19,"column":3}},"line":7},"2":{"name":"(anonymous_2)","decl":{"start":{"line":22,"column":2},"end":{"line":22,"column":3}},"loc":{"start":{"line":22,"column":24},"end":{"line":32,"column":3}},"line":22},"3":{"name":"(anonymous_3)","decl":{"start":{"line":35,"column":2},"end":{"line":35,"column":3}},"loc":{"start":{"line":35,"column":27},"end":{"line":41,"column":3}},"line":35},"4":{"name":"(anonymous_4)","decl":{"start":{"line":39,"column":37},"end":{"line":39,"column":38}},"loc":{"start":{"line":39,"column":48},"end":{"line":39,"column":73}},"line":39}},"branchMap":{"0":{"loc":{"start":{"line":8,"column":4},"end":{"line":8,"column":80}},"type":"if","locations":[{"start":{"line":8,"column":4},"end":{"line":8,"column":80}},{"start":{},"end":{}}],"line":8},"1":{"loc":{"start":{"line":8,"column":8},"end":{"line":8,"column":35}},"type":"binary-expr","locations":[{"start":{"line":8,"column":8},"end":{"line":8,"column":16}},{"start":{"line":8,"column":20},"end":{"line":8,"column":35}}],"line":8},"2":{"loc":{"start":{"line":9,"column":4},"end":{"line":9,"column":80}},"type":"if","locations":[{"start":{"line":9,"column":4},"end":{"line":9,"column":80}},{"start":{},"end":{}}],"line":9},"3":{"loc":{"start":{"line":10,"column":4},"end":{"line":10,"column":97}},"type":"if","locations":[{"start":{"line":10,"column":4},"end":{"line":10,"column":97}},{"start":{},"end":{}}],"line":10},"4":{"loc":{"start":{"line":10,"column":8},"end":{"line":10,"column":54}},"type":"binary-expr","locations":[{"start":{"line":10,"column":8},"end":{"line":10,"column":25}},{"start":{"line":10,"column":29},"end":{"line":10,"column":54}}],"line":10},"5":{"loc":{"start":{"line":15,"column":4},"end":{"line":17,"column":5}},"type":"if","locations":[{"start":{"line":15,"column":4},"end":{"line":17,"column":5}},{"start":{},"end":{}}],"line":15},"6":{"loc":{"start":{"line":27,"column":6},"end":{"line":27,"column":23}},"type":"if","locations":[{"start":{"line":27,"column":6},"end":{"line":27,"column":23}},{"start":{},"end":{}}],"line":27},"7":{"loc":{"start":{"line":37,"column":4},"end":{"line":37,"column":24}},"type":"if","locations":[{"start":{"line":37,"column":4},"end":{"line":37,"column":24}},{"start":{},"end":{}}],"line":37},"8":{"loc":{"start":{"line":38,"column":4},"end":{"line":38,"column":45}},"type":"if","locations":[{"start":{"line":38,"column":4},"end":{"line":38,"column":45}},{"start":{},"end":{}}],"line":38}},"s":{"0":11,"1":15,"2":1,"3":14,"4":1,"5":13,"6":1,"7":12,"8":12,"9":12,"10":5,"11":12,"12":3,"13":3,"14":3,"15":4,"16":4,"17":1,"18":3,"19":3,"20":3,"21":4,"22":4,"23":1,"24":3,"25":1,"26":2,"27":2,"28":2,"29":1},"f":{"0":11,"1":15,"2":3,"3":4,"4":2},"b":{"0":[1,14],"1":[15,15],"2":[1,13],"3":[1,12],"4":[13,6],"5":[5,7],"6":[1,3],"7":[1,3],"8":[1,2]},"_coverageSchema":"1a1c01bbd47fc00a2c39e90264f33305004495a9","hash":"eb470be32eda6f6562c66c0bf284b5c14f8a0083"}
}
