TN:
SF:ThreadManager.js
FN:2,(anonymous_0)
FN:7,(anonymous_1)
FN:22,(anonymous_2)
FN:35,(anonymous_3)
FN:39,(anonymous_4)
FNF:5
FNH:5
FNDA:11,(anonymous_0)
FNDA:15,(anonymous_1)
FNDA:3,(anonymous_2)
FNDA:4,(anonymous_3)
FNDA:2,(anonymous_4)
DA:3,11
DA:8,15
DA:9,14
DA:10,13
DA:12,12
DA:13,12
DA:15,12
DA:16,5
DA:18,12
DA:23,3
DA:24,3
DA:25,3
DA:26,4
DA:27,4
DA:28,3
DA:29,3
DA:31,3
DA:36,4
DA:37,4
DA:38,3
DA:39,2
DA:40,2
DA:44,1
LF:23
LH:23
BRDA:8,0,0,1
BRDA:8,0,1,14
BRDA:8,1,0,15
BRDA:8,1,1,15
BRDA:9,2,0,1
BRDA:9,2,1,13
BRDA:10,3,0,1
BRDA:10,3,1,12
BRDA:10,4,0,13
BRDA:10,4,1,6
BRDA:15,5,0,5
BRDA:15,5,1,7
BRDA:27,6,0,1
BRDA:27,6,1,3
BRDA:37,7,0,1
BRDA:37,7,1,3
BRDA:38,8,0,1
BRDA:38,8,1,2
BRF:18
BRH:18
end_of_record
